2023-06-06T11:33:02,363 [main] INFO  (Logger.java:112) - [Utils] MethodGroupsHelper.collectMethodsByGroup() took 0 ms.
2023-06-06T11:33:02,372 [main] INFO  (Logger.java:112) - [Utils] MethodGroupsHelper.sortMethods() took 0 ms.
2023-06-06T11:33:02,373 [main] INFO  (Logger.java:112) - [Utils] MethodGroupsHelper.collectMethodsByGroup() took 0 ms.
2023-06-06T11:33:02,374 [main] INFO  (Logger.java:112) - [Utils] MethodGroupsHelper.sortMethods() took 0 ms.
2023-06-06T11:33:02,374 [main] INFO  (Logger.java:112) - [Utils] MethodGroupsHelper.collectMethodsByGroup() took 0 ms.
2023-06-06T11:33:02,374 [main] INFO  (Logger.java:112) - [Utils] MethodGroupsHelper.sortMethods() took 0 ms.
2023-06-06T11:33:02,375 [main] INFO  (Logger.java:112) - [Utils] MethodGroupsHelper.collectMethodsByGroup() took 0 ms.
2023-06-06T11:33:02,375 [main] INFO  (Logger.java:112) - [Utils] MethodGroupsHelper.sortMethods() took 0 ms.
2023-06-06T11:33:02,384 [main] INFO  (Logger.java:112) - [Utils] MethodGroupsHelper.collectMethodsByGroup() took 6 ms.
2023-06-06T11:33:02,396 [main] INFO  (Logger.java:112) - [Utils] MethodGroupsHelper.sortMethods() took 12 ms.
2023-06-06T11:33:02,397 [main] INFO  (Logger.java:112) - [Utils] MethodGroupsHelper.collectMethodsByGroup() took 0 ms.
2023-06-06T11:33:02,398 [main] INFO  (Logger.java:112) - [Utils] MethodGroupsHelper.sortMethods() took 0 ms.
2023-06-06T11:33:02,399 [main] INFO  (Logger.java:112) - [Utils] MethodGroupsHelper.collectMethodsByGroup() took 0 ms.
2023-06-06T11:33:02,399 [main] INFO  (Logger.java:112) - [Utils] MethodGroupsHelper.sortMethods() took 0 ms.
2023-06-06T11:33:02,399 [main] INFO  (Logger.java:112) - [Utils] MethodGroupsHelper.collectMethodsByGroup() took 0 ms.
2023-06-06T11:33:02,399 [main] INFO  (Logger.java:112) - [Utils] MethodGroupsHelper.sortMethods() took 0 ms.
2023-06-06T11:33:02,403 [main] INFO  (Logger.java:112) - [Utils] MethodGroupsHelper.collectMethodsByGroup() took 0 ms.
2023-06-06T11:33:02,404 [main] INFO  (Logger.java:112) - [Utils] MethodGroupsHelper.sortMethods() took 0 ms.
2023-06-06T11:33:02,404 [main] INFO  (Logger.java:112) - [Utils] MethodGroupsHelper.collectMethodsByGroup() took 0 ms.
2023-06-06T11:33:02,405 [main] INFO  (Logger.java:112) - [Utils] MethodGroupsHelper.sortMethods() took 0 ms.
2023-06-06T11:33:02,406 [main] INFO  (Logger.java:112) - [Utils] MethodGroupsHelper.collectMethodsByGroup() took 0 ms.
2023-06-06T11:33:02,407 [main] INFO  (Logger.java:112) - [Utils] MethodGroupsHelper.sortMethods() took 0 ms.
2023-06-06T11:33:02,407 [main] INFO  (Logger.java:112) - [Utils] MethodGroupsHelper.collectMethodsByGroup() took 0 ms.
2023-06-06T11:33:02,407 [main] INFO  (Logger.java:112) - [Utils] MethodGroupsHelper.sortMethods() took 0 ms.
2023-06-06T11:33:02,408 [main] INFO  (Logger.java:112) - [Utils] MethodGroupsHelper.collectMethodsByGroup() took 0 ms.
2023-06-06T11:33:02,409 [main] INFO  (Logger.java:112) - [Utils] MethodGroupsHelper.sortMethods() took 0 ms.
2023-06-06T11:33:02,411 [main] INFO  (Logger.java:112) - [Utils] MethodGroupsHelper.collectMethodsByGroup() took 0 ms.
2023-06-06T11:33:02,411 [main] INFO  (Logger.java:112) - [Utils] MethodGroupsHelper.sortMethods() took 0 ms.
2023-06-06T11:33:02,413 [main] INFO  (Logger.java:112) - [Utils] MethodGroupsHelper.collectMethodsByGroup() took 0 ms.
2023-06-06T11:33:02,413 [main] INFO  (Logger.java:112) - [Utils] MethodGroupsHelper.sortMethods() took 0 ms.
2023-06-06T11:33:02,432 [main] INFO  (Logger.java:112) - [TestNG] Running:
  C:\Users\moham\AppData\Local\Temp\testng-eclipse--767815972\testng-customsuite.xml

2023-06-06T11:33:02,472 [main] INFO  (Logger.java:112) - [Utils] DynamicGraphHelper.createDynamicGraph() took 6 ms.
2023-06-06T11:33:05,203 [main] INFO  (Logger.java:112) - [TestNG] Time taken by org.testng.internal.ExitCodeListener@5a592c70: 0 ms
2023-06-06T11:33:05,228 [main] INFO  (Logger.java:112) - [TestNG] Time taken by org.testng.reporters.SuiteHTMLReporter@6629643d: 25 ms
2023-06-06T11:33:05,274 [main] INFO  (Logger.java:112) - [TestNG] Time taken by org.testng.reporters.jq.Main@5bfc79cb: 46 ms
2023-06-06T11:33:05,275 [main] INFO  (Logger.java:112) - [TestNG] Time taken by org.testng.reporters.FailedReporter@27ec8754: 1 ms
2023-06-06T11:33:05,280 [main] INFO  (Logger.java:112) - [TestNG] Time taken by org.testng.reporters.XMLReporter@6b867ee7: 5 ms
2023-06-06T11:33:05,285 [main] INFO  (Logger.java:112) - [TestNG] Time taken by org.testng.reporters.EmailableReporter2@4645679e: 5 ms
2023-06-06T11:33:05,292 [main] INFO  (Logger.java:112) - [TestNG] Time taken by org.testng.reporters.JUnitReportReporter@c48b543: 5 ms
2023-06-06T11:43:51,604 [main] INFO  (Logger.java:112) - [Utils] MethodGroupsHelper.collectMethodsByGroup() took 1 ms.
2023-06-06T11:43:51,608 [main] INFO  (Logger.java:112) - [Utils] MethodGroupsHelper.sortMethods() took 1 ms.
2023-06-06T11:43:51,610 [main] INFO  (Logger.java:112) - [Utils] MethodGroupsHelper.collectMethodsByGroup() took 0 ms.
2023-06-06T11:43:51,610 [main] INFO  (Logger.java:112) - [Utils] MethodGroupsHelper.sortMethods() took 0 ms.
2023-06-06T11:43:51,611 [main] INFO  (Logger.java:112) - [Utils] MethodGroupsHelper.collectMethodsByGroup() took 0 ms.
2023-06-06T11:43:51,611 [main] INFO  (Logger.java:112) - [Utils] MethodGroupsHelper.sortMethods() took 0 ms.
2023-06-06T11:43:51,612 [main] INFO  (Logger.java:112) - [Utils] MethodGroupsHelper.collectMethodsByGroup() took 0 ms.
2023-06-06T11:43:51,612 [main] INFO  (Logger.java:112) - [Utils] MethodGroupsHelper.sortMethods() took 0 ms.
2023-06-06T11:43:51,618 [main] INFO  (Logger.java:112) - [Utils] MethodGroupsHelper.collectMethodsByGroup() took 5 ms.
2023-06-06T11:43:51,628 [main] INFO  (Logger.java:112) - [Utils] MethodGroupsHelper.sortMethods() took 9 ms.
2023-06-06T11:43:51,629 [main] INFO  (Logger.java:112) - [Utils] MethodGroupsHelper.collectMethodsByGroup() took 0 ms.
2023-06-06T11:43:51,630 [main] INFO  (Logger.java:112) - [Utils] MethodGroupsHelper.sortMethods() took 0 ms.
2023-06-06T11:43:51,630 [main] INFO  (Logger.java:112) - [Utils] MethodGroupsHelper.collectMethodsByGroup() took 0 ms.
2023-06-06T11:43:51,630 [main] INFO  (Logger.java:112) - [Utils] MethodGroupsHelper.sortMethods() took 0 ms.
2023-06-06T11:43:51,631 [main] INFO  (Logger.java:112) - [Utils] MethodGroupsHelper.collectMethodsByGroup() took 0 ms.
2023-06-06T11:43:51,631 [main] INFO  (Logger.java:112) - [Utils] MethodGroupsHelper.sortMethods() took 0 ms.
2023-06-06T11:43:51,633 [main] INFO  (Logger.java:112) - [Utils] MethodGroupsHelper.collectMethodsByGroup() took 0 ms.
2023-06-06T11:43:51,633 [main] INFO  (Logger.java:112) - [Utils] MethodGroupsHelper.sortMethods() took 0 ms.
2023-06-06T11:43:51,634 [main] INFO  (Logger.java:112) - [Utils] MethodGroupsHelper.collectMethodsByGroup() took 0 ms.
2023-06-06T11:43:51,634 [main] INFO  (Logger.java:112) - [Utils] MethodGroupsHelper.sortMethods() took 0 ms.
2023-06-06T11:43:51,635 [main] INFO  (Logger.java:112) - [Utils] MethodGroupsHelper.collectMethodsByGroup() took 0 ms.
2023-06-06T11:43:51,635 [main] INFO  (Logger.java:112) - [Utils] MethodGroupsHelper.sortMethods() took 0 ms.
2023-06-06T11:43:51,636 [main] INFO  (Logger.java:112) - [Utils] MethodGroupsHelper.collectMethodsByGroup() took 0 ms.
2023-06-06T11:43:51,636 [main] INFO  (Logger.java:112) - [Utils] MethodGroupsHelper.sortMethods() took 0 ms.
2023-06-06T11:43:51,638 [main] INFO  (Logger.java:112) - [Utils] MethodGroupsHelper.collectMethodsByGroup() took 0 ms.
2023-06-06T11:43:51,638 [main] INFO  (Logger.java:112) - [Utils] MethodGroupsHelper.sortMethods() took 0 ms.
2023-06-06T11:43:51,640 [main] INFO  (Logger.java:112) - [Utils] MethodGroupsHelper.collectMethodsByGroup() took 0 ms.
2023-06-06T11:43:51,641 [main] INFO  (Logger.java:112) - [Utils] MethodGroupsHelper.sortMethods() took 0 ms.
2023-06-06T11:43:51,642 [main] INFO  (Logger.java:112) - [Utils] MethodGroupsHelper.collectMethodsByGroup() took 0 ms.
2023-06-06T11:43:51,642 [main] INFO  (Logger.java:112) - [Utils] MethodGroupsHelper.sortMethods() took 0 ms.
2023-06-06T11:43:51,652 [main] INFO  (Logger.java:112) - [TestNG] Running:
  C:\Users\moham\AppData\Local\Temp\testng-eclipse-1728398786\testng-customsuite.xml

2023-06-06T11:43:51,678 [main] INFO  (Logger.java:112) - [Utils] DynamicGraphHelper.createDynamicGraph() took 2 ms.
2023-06-06T11:43:53,831 [main] INFO  (Logger.java:112) - [TestNG] Time taken by org.testng.internal.ExitCodeListener@1595d2b2: 0 ms
2023-06-06T11:43:53,858 [main] INFO  (Logger.java:112) - [TestNG] Time taken by org.testng.reporters.SuiteHTMLReporter@723e3c17: 27 ms
2023-06-06T11:43:53,912 [main] INFO  (Logger.java:112) - [TestNG] Time taken by org.testng.reporters.jq.Main@73e4387: 53 ms
2023-06-06T11:43:53,913 [main] INFO  (Logger.java:112) - [TestNG] Time taken by org.testng.reporters.FailedReporter@d87d449: 1 ms
2023-06-06T11:43:53,918 [main] INFO  (Logger.java:112) - [TestNG] Time taken by org.testng.reporters.XMLReporter@66e341e9: 4 ms
2023-06-06T11:43:53,922 [main] INFO  (Logger.java:112) - [TestNG] Time taken by org.testng.reporters.EmailableReporter2@28768e25: 4 ms
2023-06-06T11:43:53,929 [main] INFO  (Logger.java:112) - [TestNG] Time taken by org.testng.reporters.JUnitReportReporter@71d55b7e: 7 ms
2023-06-06T11:46:04,655 [main] INFO  (Logger.java:112) - [Utils] MethodGroupsHelper.collectMethodsByGroup() took 0 ms.
2023-06-06T11:46:04,659 [main] INFO  (Logger.java:112) - [Utils] MethodGroupsHelper.sortMethods() took 0 ms.
2023-06-06T11:46:04,661 [main] INFO  (Logger.java:112) - [Utils] MethodGroupsHelper.collectMethodsByGroup() took 0 ms.
2023-06-06T11:46:04,661 [main] INFO  (Logger.java:112) - [Utils] MethodGroupsHelper.sortMethods() took 0 ms.
2023-06-06T11:46:04,662 [main] INFO  (Logger.java:112) - [Utils] MethodGroupsHelper.collectMethodsByGroup() took 0 ms.
2023-06-06T11:46:04,662 [main] INFO  (Logger.java:112) - [Utils] MethodGroupsHelper.sortMethods() took 0 ms.
2023-06-06T11:46:04,663 [main] INFO  (Logger.java:112) - [Utils] MethodGroupsHelper.collectMethodsByGroup() took 0 ms.
2023-06-06T11:46:04,663 [main] INFO  (Logger.java:112) - [Utils] MethodGroupsHelper.sortMethods() took 0 ms.
2023-06-06T11:46:04,671 [main] INFO  (Logger.java:112) - [Utils] MethodGroupsHelper.collectMethodsByGroup() took 6 ms.
2023-06-06T11:46:04,685 [main] INFO  (Logger.java:112) - [Utils] MethodGroupsHelper.sortMethods() took 12 ms.
2023-06-06T11:46:04,685 [main] INFO  (Logger.java:112) - [Utils] MethodGroupsHelper.collectMethodsByGroup() took 0 ms.
2023-06-06T11:46:04,686 [main] INFO  (Logger.java:112) - [Utils] MethodGroupsHelper.sortMethods() took 0 ms.
2023-06-06T11:46:04,686 [main] INFO  (Logger.java:112) - [Utils] MethodGroupsHelper.collectMethodsByGroup() took 0 ms.
2023-06-06T11:46:04,686 [main] INFO  (Logger.java:112) - [Utils] MethodGroupsHelper.sortMethods() took 0 ms.
2023-06-06T11:46:04,687 [main] INFO  (Logger.java:112) - [Utils] MethodGroupsHelper.collectMethodsByGroup() took 0 ms.
2023-06-06T11:46:04,687 [main] INFO  (Logger.java:112) - [Utils] MethodGroupsHelper.sortMethods() took 0 ms.
2023-06-06T11:46:04,689 [main] INFO  (Logger.java:112) - [Utils] MethodGroupsHelper.collectMethodsByGroup() took 0 ms.
2023-06-06T11:46:04,689 [main] INFO  (Logger.java:112) - [Utils] MethodGroupsHelper.sortMethods() took 0 ms.
2023-06-06T11:46:04,691 [main] INFO  (Logger.java:112) - [Utils] MethodGroupsHelper.collectMethodsByGroup() took 0 ms.
2023-06-06T11:46:04,692 [main] INFO  (Logger.java:112) - [Utils] MethodGroupsHelper.sortMethods() took 0 ms.
2023-06-06T11:46:04,693 [main] INFO  (Logger.java:112) - [Utils] MethodGroupsHelper.collectMethodsByGroup() took 0 ms.
2023-06-06T11:46:04,693 [main] INFO  (Logger.java:112) - [Utils] MethodGroupsHelper.sortMethods() took 0 ms.
2023-06-06T11:46:04,693 [main] INFO  (Logger.java:112) - [Utils] MethodGroupsHelper.collectMethodsByGroup() took 0 ms.
2023-06-06T11:46:04,693 [main] INFO  (Logger.java:112) - [Utils] MethodGroupsHelper.sortMethods() took 0 ms.
2023-06-06T11:46:04,695 [main] INFO  (Logger.java:112) - [Utils] MethodGroupsHelper.collectMethodsByGroup() took 0 ms.
2023-06-06T11:46:04,695 [main] INFO  (Logger.java:112) - [Utils] MethodGroupsHelper.sortMethods() took 0 ms.
2023-06-06T11:46:04,697 [main] INFO  (Logger.java:112) - [Utils] MethodGroupsHelper.collectMethodsByGroup() took 0 ms.
2023-06-06T11:46:04,698 [main] INFO  (Logger.java:112) - [Utils] MethodGroupsHelper.sortMethods() took 0 ms.
2023-06-06T11:46:04,698 [main] INFO  (Logger.java:112) - [Utils] MethodGroupsHelper.collectMethodsByGroup() took 0 ms.
2023-06-06T11:46:04,698 [main] INFO  (Logger.java:112) - [Utils] MethodGroupsHelper.sortMethods() took 0 ms.
2023-06-06T11:46:04,708 [main] INFO  (Logger.java:112) - [TestNG] Running:
  C:\Users\moham\AppData\Local\Temp\testng-eclipse--597626142\testng-customsuite.xml

2023-06-06T11:46:04,737 [main] INFO  (Logger.java:112) - [Utils] DynamicGraphHelper.createDynamicGraph() took 4 ms.
2023-06-06T11:46:07,149 [main] INFO  (Logger.java:112) - [TestNG] Time taken by org.testng.internal.ExitCodeListener@1595d2b2: 0 ms
2023-06-06T11:46:07,177 [main] INFO  (Logger.java:112) - [TestNG] Time taken by org.testng.reporters.SuiteHTMLReporter@723e3c17: 27 ms
2023-06-06T11:46:07,233 [main] INFO  (Logger.java:112) - [TestNG] Time taken by org.testng.reporters.jq.Main@73e4387: 56 ms
2023-06-06T11:46:07,234 [main] INFO  (Logger.java:112) - [TestNG] Time taken by org.testng.reporters.FailedReporter@d87d449: 1 ms
2023-06-06T11:46:07,240 [main] INFO  (Logger.java:112) - [TestNG] Time taken by org.testng.reporters.XMLReporter@66e341e9: 5 ms
2023-06-06T11:46:07,247 [main] INFO  (Logger.java:112) - [TestNG] Time taken by org.testng.reporters.EmailableReporter2@28768e25: 7 ms
2023-06-06T11:46:07,257 [main] INFO  (Logger.java:112) - [TestNG] Time taken by org.testng.reporters.JUnitReportReporter@71d55b7e: 9 ms
2023-06-06T11:51:29,546 [main] INFO  (Logger.java:112) - [Utils] MethodGroupsHelper.collectMethodsByGroup() took 1 ms.
2023-06-06T11:51:29,550 [main] INFO  (Logger.java:112) - [Utils] MethodGroupsHelper.sortMethods() took 1 ms.
2023-06-06T11:51:29,552 [main] INFO  (Logger.java:112) - [Utils] MethodGroupsHelper.collectMethodsByGroup() took 0 ms.
2023-06-06T11:51:29,552 [main] INFO  (Logger.java:112) - [Utils] MethodGroupsHelper.sortMethods() took 0 ms.
2023-06-06T11:51:29,553 [main] INFO  (Logger.java:112) - [Utils] MethodGroupsHelper.collectMethodsByGroup() took 0 ms.
2023-06-06T11:51:29,553 [main] INFO  (Logger.java:112) - [Utils] MethodGroupsHelper.sortMethods() took 0 ms.
2023-06-06T11:51:29,553 [main] INFO  (Logger.java:112) - [Utils] MethodGroupsHelper.collectMethodsByGroup() took 0 ms.
2023-06-06T11:51:29,553 [main] INFO  (Logger.java:112) - [Utils] MethodGroupsHelper.sortMethods() took 0 ms.
2023-06-06T11:51:29,559 [main] INFO  (Logger.java:112) - [Utils] MethodGroupsHelper.collectMethodsByGroup() took 4 ms.
2023-06-06T11:51:29,569 [main] INFO  (Logger.java:112) - [Utils] MethodGroupsHelper.sortMethods() took 10 ms.
2023-06-06T11:51:29,570 [main] INFO  (Logger.java:112) - [Utils] MethodGroupsHelper.collectMethodsByGroup() took 0 ms.
2023-06-06T11:51:29,570 [main] INFO  (Logger.java:112) - [Utils] MethodGroupsHelper.sortMethods() took 0 ms.
2023-06-06T11:51:29,571 [main] INFO  (Logger.java:112) - [Utils] MethodGroupsHelper.collectMethodsByGroup() took 0 ms.
2023-06-06T11:51:29,571 [main] INFO  (Logger.java:112) - [Utils] MethodGroupsHelper.sortMethods() took 0 ms.
2023-06-06T11:51:29,572 [main] INFO  (Logger.java:112) - [Utils] MethodGroupsHelper.collectMethodsByGroup() took 0 ms.
2023-06-06T11:51:29,572 [main] INFO  (Logger.java:112) - [Utils] MethodGroupsHelper.sortMethods() took 0 ms.
2023-06-06T11:51:29,574 [main] INFO  (Logger.java:112) - [Utils] MethodGroupsHelper.collectMethodsByGroup() took 0 ms.
2023-06-06T11:51:29,574 [main] INFO  (Logger.java:112) - [Utils] MethodGroupsHelper.sortMethods() took 0 ms.
2023-06-06T11:51:29,575 [main] INFO  (Logger.java:112) - [Utils] MethodGroupsHelper.collectMethodsByGroup() took 0 ms.
2023-06-06T11:51:29,575 [main] INFO  (Logger.java:112) - [Utils] MethodGroupsHelper.sortMethods() took 0 ms.
2023-06-06T11:51:29,576 [main] INFO  (Logger.java:112) - [Utils] MethodGroupsHelper.collectMethodsByGroup() took 0 ms.
2023-06-06T11:51:29,577 [main] INFO  (Logger.java:112) - [Utils] MethodGroupsHelper.sortMethods() took 0 ms.
2023-06-06T11:51:29,577 [main] INFO  (Logger.java:112) - [Utils] MethodGroupsHelper.collectMethodsByGroup() took 0 ms.
2023-06-06T11:51:29,577 [main] INFO  (Logger.java:112) - [Utils] MethodGroupsHelper.sortMethods() took 0 ms.
2023-06-06T11:51:29,578 [main] INFO  (Logger.java:112) - [Utils] MethodGroupsHelper.collectMethodsByGroup() took 0 ms.
2023-06-06T11:51:29,579 [main] INFO  (Logger.java:112) - [Utils] MethodGroupsHelper.sortMethods() took 0 ms.
2023-06-06T11:51:29,580 [main] INFO  (Logger.java:112) - [Utils] MethodGroupsHelper.collectMethodsByGroup() took 0 ms.
2023-06-06T11:51:29,581 [main] INFO  (Logger.java:112) - [Utils] MethodGroupsHelper.sortMethods() took 0 ms.
2023-06-06T11:51:29,581 [main] INFO  (Logger.java:112) - [Utils] MethodGroupsHelper.collectMethodsByGroup() took 0 ms.
2023-06-06T11:51:29,581 [main] INFO  (Logger.java:112) - [Utils] MethodGroupsHelper.sortMethods() took 0 ms.
2023-06-06T11:51:29,592 [main] INFO  (Logger.java:112) - [TestNG] Running:
  C:\Users\moham\AppData\Local\Temp\testng-eclipse--1818189215\testng-customsuite.xml

2023-06-06T11:51:29,625 [main] INFO  (Logger.java:112) - [Utils] DynamicGraphHelper.createDynamicGraph() took 6 ms.
2023-06-06T11:51:32,196 [main] INFO  (Logger.java:112) - [TestNG] Time taken by org.testng.internal.ExitCodeListener@34279b8a: 0 ms
2023-06-06T11:51:32,229 [main] INFO  (Logger.java:112) - [TestNG] Time taken by org.testng.reporters.SuiteHTMLReporter@63e5b8aa: 33 ms
2023-06-06T11:51:32,280 [main] INFO  (Logger.java:112) - [TestNG] Time taken by org.testng.reporters.jq.Main@21e5f0b6: 50 ms
2023-06-06T11:51:32,282 [main] INFO  (Logger.java:112) - [TestNG] Time taken by org.testng.reporters.FailedReporter@93bf0e0: 0 ms
2023-06-06T11:51:32,288 [main] INFO  (Logger.java:112) - [TestNG] Time taken by org.testng.reporters.XMLReporter@2055833f: 6 ms
2023-06-06T11:51:32,294 [main] INFO  (Logger.java:112) - [TestNG] Time taken by org.testng.reporters.EmailableReporter2@63d677f5: 5 ms
2023-06-06T11:51:32,302 [main] INFO  (Logger.java:112) - [TestNG] Time taken by org.testng.reporters.JUnitReportReporter@696fad31: 8 ms
2023-06-06T12:05:52,055 [main] INFO  (Logger.java:112) - [Utils] MethodGroupsHelper.collectMethodsByGroup() took 0 ms.
2023-06-06T12:05:52,061 [main] INFO  (Logger.java:112) - [Utils] MethodGroupsHelper.sortMethods() took 0 ms.
2023-06-06T12:05:52,062 [main] INFO  (Logger.java:112) - [Utils] MethodGroupsHelper.collectMethodsByGroup() took 0 ms.
2023-06-06T12:05:52,062 [main] INFO  (Logger.java:112) - [Utils] MethodGroupsHelper.sortMethods() took 0 ms.
2023-06-06T12:05:52,063 [main] INFO  (Logger.java:112) - [Utils] MethodGroupsHelper.collectMethodsByGroup() took 0 ms.
2023-06-06T12:05:52,063 [main] INFO  (Logger.java:112) - [Utils] MethodGroupsHelper.sortMethods() took 0 ms.
2023-06-06T12:05:52,064 [main] INFO  (Logger.java:112) - [Utils] MethodGroupsHelper.collectMethodsByGroup() took 0 ms.
2023-06-06T12:05:52,064 [main] INFO  (Logger.java:112) - [Utils] MethodGroupsHelper.sortMethods() took 0 ms.
2023-06-06T12:05:52,070 [main] INFO  (Logger.java:112) - [Utils] MethodGroupsHelper.collectMethodsByGroup() took 4 ms.
2023-06-06T12:05:52,080 [main] INFO  (Logger.java:112) - [Utils] MethodGroupsHelper.sortMethods() took 9 ms.
2023-06-06T12:05:52,080 [main] INFO  (Logger.java:112) - [Utils] MethodGroupsHelper.collectMethodsByGroup() took 0 ms.
2023-06-06T12:05:52,080 [main] INFO  (Logger.java:112) - [Utils] MethodGroupsHelper.sortMethods() took 0 ms.
2023-06-06T12:05:52,082 [main] INFO  (Logger.java:112) - [Utils] MethodGroupsHelper.collectMethodsByGroup() took 0 ms.
2023-06-06T12:05:52,082 [main] INFO  (Logger.java:112) - [Utils] MethodGroupsHelper.sortMethods() took 0 ms.
2023-06-06T12:05:52,082 [main] INFO  (Logger.java:112) - [Utils] MethodGroupsHelper.collectMethodsByGroup() took 0 ms.
2023-06-06T12:05:52,083 [main] INFO  (Logger.java:112) - [Utils] MethodGroupsHelper.sortMethods() took 0 ms.
2023-06-06T12:05:52,084 [main] INFO  (Logger.java:112) - [Utils] MethodGroupsHelper.collectMethodsByGroup() took 0 ms.
2023-06-06T12:05:52,085 [main] INFO  (Logger.java:112) - [Utils] MethodGroupsHelper.sortMethods() took 0 ms.
2023-06-06T12:05:52,085 [main] INFO  (Logger.java:112) - [Utils] MethodGroupsHelper.collectMethodsByGroup() took 0 ms.
2023-06-06T12:05:52,085 [main] INFO  (Logger.java:112) - [Utils] MethodGroupsHelper.sortMethods() took 0 ms.
2023-06-06T12:05:52,086 [main] INFO  (Logger.java:112) - [Utils] MethodGroupsHelper.collectMethodsByGroup() took 0 ms.
2023-06-06T12:05:52,086 [main] INFO  (Logger.java:112) - [Utils] MethodGroupsHelper.sortMethods() took 0 ms.
2023-06-06T12:05:52,087 [main] INFO  (Logger.java:112) - [Utils] MethodGroupsHelper.collectMethodsByGroup() took 0 ms.
2023-06-06T12:05:52,087 [main] INFO  (Logger.java:112) - [Utils] MethodGroupsHelper.sortMethods() took 0 ms.
2023-06-06T12:05:52,088 [main] INFO  (Logger.java:112) - [Utils] MethodGroupsHelper.collectMethodsByGroup() took 1 ms.
2023-06-06T12:05:52,088 [main] INFO  (Logger.java:112) - [Utils] MethodGroupsHelper.sortMethods() took 0 ms.
2023-06-06T12:05:52,089 [main] INFO  (Logger.java:112) - [Utils] MethodGroupsHelper.collectMethodsByGroup() took 0 ms.
2023-06-06T12:05:52,090 [main] INFO  (Logger.java:112) - [Utils] MethodGroupsHelper.sortMethods() took 0 ms.
2023-06-06T12:05:52,090 [main] INFO  (Logger.java:112) - [Utils] MethodGroupsHelper.collectMethodsByGroup() took 0 ms.
2023-06-06T12:05:52,090 [main] INFO  (Logger.java:112) - [Utils] MethodGroupsHelper.sortMethods() took 0 ms.
2023-06-06T12:05:52,099 [main] INFO  (Logger.java:112) - [TestNG] Running:
  C:\Users\moham\AppData\Local\Temp\testng-eclipse-551924185\testng-customsuite.xml

2023-06-06T12:05:52,126 [main] INFO  (Logger.java:112) - [Utils] DynamicGraphHelper.createDynamicGraph() took 5 ms.
2023-06-06T12:05:54,376 [main] INFO  (Logger.java:112) - [TestNG] Time taken by org.testng.internal.ExitCodeListener@34279b8a: 0 ms
2023-06-06T12:05:54,401 [main] INFO  (Logger.java:112) - [TestNG] Time taken by org.testng.reporters.SuiteHTMLReporter@63e5b8aa: 24 ms
2023-06-06T12:05:54,454 [main] INFO  (Logger.java:112) - [TestNG] Time taken by org.testng.reporters.jq.Main@21e5f0b6: 53 ms
2023-06-06T12:05:54,456 [main] INFO  (Logger.java:112) - [TestNG] Time taken by org.testng.reporters.FailedReporter@93bf0e0: 1 ms
2023-06-06T12:05:54,461 [main] INFO  (Logger.java:112) - [TestNG] Time taken by org.testng.reporters.XMLReporter@2055833f: 4 ms
2023-06-06T12:05:54,465 [main] INFO  (Logger.java:112) - [TestNG] Time taken by org.testng.reporters.EmailableReporter2@63d677f5: 4 ms
2023-06-06T12:05:54,475 [main] INFO  (Logger.java:112) - [TestNG] Time taken by org.testng.reporters.JUnitReportReporter@696fad31: 10 ms
2023-06-06T12:26:16,057 [main] INFO  (Logger.java:112) - [Utils] MethodGroupsHelper.collectMethodsByGroup() took 0 ms.
2023-06-06T12:26:16,062 [main] INFO  (Logger.java:112) - [Utils] MethodGroupsHelper.sortMethods() took 1 ms.
2023-06-06T12:26:16,064 [main] INFO  (Logger.java:112) - [Utils] MethodGroupsHelper.collectMethodsByGroup() took 0 ms.
2023-06-06T12:26:16,064 [main] INFO  (Logger.java:112) - [Utils] MethodGroupsHelper.sortMethods() took 0 ms.
2023-06-06T12:26:16,065 [main] INFO  (Logger.java:112) - [Utils] MethodGroupsHelper.collectMethodsByGroup() took 0 ms.
2023-06-06T12:26:16,065 [main] INFO  (Logger.java:112) - [Utils] MethodGroupsHelper.sortMethods() took 0 ms.
2023-06-06T12:26:16,066 [main] INFO  (Logger.java:112) - [Utils] MethodGroupsHelper.collectMethodsByGroup() took 1 ms.
2023-06-06T12:26:16,066 [main] INFO  (Logger.java:112) - [Utils] MethodGroupsHelper.sortMethods() took 0 ms.
2023-06-06T12:26:16,072 [main] INFO  (Logger.java:112) - [Utils] MethodGroupsHelper.collectMethodsByGroup() took 6 ms.
2023-06-06T12:26:16,082 [main] INFO  (Logger.java:112) - [Utils] MethodGroupsHelper.sortMethods() took 10 ms.
2023-06-06T12:26:16,083 [main] INFO  (Logger.java:112) - [Utils] MethodGroupsHelper.collectMethodsByGroup() took 0 ms.
2023-06-06T12:26:16,084 [main] INFO  (Logger.java:112) - [Utils] MethodGroupsHelper.sortMethods() took 0 ms.
2023-06-06T12:26:16,084 [main] INFO  (Logger.java:112) - [Utils] MethodGroupsHelper.collectMethodsByGroup() took 0 ms.
2023-06-06T12:26:16,084 [main] INFO  (Logger.java:112) - [Utils] MethodGroupsHelper.sortMethods() took 0 ms.
2023-06-06T12:26:16,085 [main] INFO  (Logger.java:112) - [Utils] MethodGroupsHelper.collectMethodsByGroup() took 0 ms.
2023-06-06T12:26:16,085 [main] INFO  (Logger.java:112) - [Utils] MethodGroupsHelper.sortMethods() took 0 ms.
2023-06-06T12:26:16,088 [main] INFO  (Logger.java:112) - [Utils] MethodGroupsHelper.collectMethodsByGroup() took 0 ms.
2023-06-06T12:26:16,088 [main] INFO  (Logger.java:112) - [Utils] MethodGroupsHelper.sortMethods() took 0 ms.
2023-06-06T12:26:16,089 [main] INFO  (Logger.java:112) - [Utils] MethodGroupsHelper.collectMethodsByGroup() took 0 ms.
2023-06-06T12:26:16,089 [main] INFO  (Logger.java:112) - [Utils] MethodGroupsHelper.sortMethods() took 0 ms.
2023-06-06T12:26:16,090 [main] INFO  (Logger.java:112) - [Utils] MethodGroupsHelper.collectMethodsByGroup() took 0 ms.
2023-06-06T12:26:16,091 [main] INFO  (Logger.java:112) - [Utils] MethodGroupsHelper.sortMethods() took 0 ms.
2023-06-06T12:26:16,091 [main] INFO  (Logger.java:112) - [Utils] MethodGroupsHelper.collectMethodsByGroup() took 0 ms.
2023-06-06T12:26:16,091 [main] INFO  (Logger.java:112) - [Utils] MethodGroupsHelper.sortMethods() took 0 ms.
2023-06-06T12:26:16,095 [main] INFO  (Logger.java:112) - [Utils] MethodGroupsHelper.collectMethodsByGroup() took 2 ms.
2023-06-06T12:26:16,096 [main] INFO  (Logger.java:112) - [Utils] MethodGroupsHelper.sortMethods() took 0 ms.
2023-06-06T12:26:16,097 [main] INFO  (Logger.java:112) - [Utils] MethodGroupsHelper.collectMethodsByGroup() took 0 ms.
2023-06-06T12:26:16,098 [main] INFO  (Logger.java:112) - [Utils] MethodGroupsHelper.sortMethods() took 0 ms.
2023-06-06T12:26:16,098 [main] INFO  (Logger.java:112) - [Utils] MethodGroupsHelper.collectMethodsByGroup() took 0 ms.
2023-06-06T12:26:16,098 [main] INFO  (Logger.java:112) - [Utils] MethodGroupsHelper.sortMethods() took 0 ms.
2023-06-06T12:26:16,106 [main] INFO  (Logger.java:112) - [TestNG] Running:
  C:\Users\moham\AppData\Local\Temp\testng-eclipse-1346558191\testng-customsuite.xml

2023-06-06T12:26:16,134 [main] INFO  (Logger.java:112) - [Utils] DynamicGraphHelper.createDynamicGraph() took 4 ms.
2023-06-06T12:26:16,995 [main] INFO  (Logger.java:112) - [TestNG] Time taken by org.testng.internal.ExitCodeListener@10272bbb: 0 ms
2023-06-06T12:26:17,019 [main] INFO  (Logger.java:112) - [TestNG] Time taken by org.testng.reporters.SuiteHTMLReporter@cedee22: 22 ms
2023-06-06T12:26:17,068 [main] INFO  (Logger.java:112) - [TestNG] Time taken by org.testng.reporters.jq.Main@55f4887d: 49 ms
2023-06-06T12:26:17,077 [main] INFO  (Logger.java:112) - [TestNG] Time taken by org.testng.reporters.FailedReporter@4e224df5: 9 ms
2023-06-06T12:26:17,085 [main] INFO  (Logger.java:112) - [TestNG] Time taken by org.testng.reporters.XMLReporter@4ed5a1b0: 8 ms
2023-06-06T12:26:17,093 [main] INFO  (Logger.java:112) - [TestNG] Time taken by org.testng.reporters.EmailableReporter2@3fa21d49: 8 ms
2023-06-06T12:26:17,105 [main] INFO  (Logger.java:112) - [TestNG] Time taken by org.testng.reporters.JUnitReportReporter@a6c54c3: 12 ms
